<?xml version="1.0" encoding="UTF-8"?>
<testng-results ignored="0" total="1" passed="1" failed="0" skipped="0">
  <reporter-output>
  </reporter-output>
  <suite started-at="2021-02-20T15:23:50 CST" name="Default suite" finished-at="2021-02-20T15:24:06 CST" duration-ms="15404">
    <groups>
    </groups>
    <test started-at="2021-02-20T15:23:50 CST" name="Default test" finished-at="2021-02-20T15:24:06 CST" duration-ms="15404">
      <class name="com.training.Demo_ExtendReports.Salesforce_Login">
        <test-method is-config="true" signature="initialize()[pri:0, instance:com.training.Demo_ExtendReports.Salesforce_Login@2ea227af]" started-at="2021-02-20T15:23:51 CST" name="initialize" finished-at="2021-02-20T15:23:53 CST" duration-ms="2775" status="PASS">
          <reporter-output>
          </reporter-output>
        </test-method> <!-- initialize -->
        <test-method signature="Login_01(java.lang.reflect.Method)[pri:0, instance:com.training.Demo_ExtendReports.Salesforce_Login@2ea227af]" started-at="2021-02-20T15:23:53 CST" name="Login_01" finished-at="2021-02-20T15:24:01 CST" duration-ms="7599" status="PASS">
          <params>
            <param index="0">
              <value>
                <![CDATA[public void com.training.Demo_ExtendReports.Salesforce_Login.Login_01(java.lang.reflect.Method) throws java.lang.InterruptedException,java.io.IOException]]>
              </value>
            </param>
          </params>
          <reporter-output>
          </reporter-output>
        </test-method> <!-- Login_01 -->
        <test-method is-config="true" signature="closereport()[pri:0, instance:com.training.Demo_ExtendReports.Salesforce_Login@2ea227af]" started-at="2021-02-20T15:24:01 CST" name="closereport" finished-at="2021-02-20T15:24:06 CST" duration-ms="4979" status="PASS">
          <reporter-output>
          </reporter-output>
        </test-method> <!-- closereport -->
      </class> <!-- com.training.Demo_ExtendReports.Salesforce_Login -->
    </test> <!-- Default test -->
  </suite> <!-- Default suite -->
</testng-results>
